{"/Users/x25bd/Code/astral/astral-api/backend/src/index.ts": {"path":"/Users/x25bd/Code/astral/astral-api/backend/src/index.ts","statementMap":{"0":{"start":{"line":1,"column":0},"end":{"line":1,"column":30}},"1":{"start":{"line":2,"column":0},"end":{"line":2,"column":28}},"2":{"start":{"line":5,"column":0},"end":{"line":5,"column":16}},"3":{"start":{"line":7,"column":12},"end":{"line":7,"column":21}},"4":{"start":{"line":8,"column":13},"end":{"line":8,"column":37}},"5":{"start":{"line":11,"column":0},"end":{"line":11,"column":24}},"6":{"start":{"line":14,"column":0},"end":{"line":16,"column":3}},"7":{"start":{"line":15,"column":2},"end":{"line":15,"column":75}},"8":{"start":{"line":19,"column":0},"end":{"line":46,"column":3}},"9":{"start":{"line":20,"column":2},"end":{"line":45,"column":5}},"10":{"start":{"line":49,"column":0},"end":{"line":51,"column":3}},"11":{"start":{"line":50,"column":2},"end":{"line":50,"column":60}}},"fnMap":{"0":{"name":"(anonymous_1)","decl":{"start":{"line":14,"column":19},"end":{"line":14,"column":20}},"loc":{"start":{"line":14,"column":32},"end":{"line":16,"column":1}}},"1":{"name":"(anonymous_2)","decl":{"start":{"line":19,"column":13},"end":{"line":19,"column":14}},"loc":{"start":{"line":19,"column":26},"end":{"line":46,"column":1}}},"2":{"name":"(anonymous_3)","decl":{"start":{"line":49,"column":17},"end":{"line":49,"column":20}},"loc":{"start":{"line":49,"column":22},"end":{"line":51,"column":1}}}},"branchMap":{"0":{"loc":{"start":{"line":8,"column":13},"end":{"line":8,"column":37}},"type":"binary-expr","locations":[{"start":{"line":8,"column":13},"end":{"line":8,"column":29}},{"start":{"line":8,"column":33},"end":{"line":8,"column":37}}]}},"s":{"0":0,"1":0,"2":0,"3":0,"4":0,"5":0,"6":0,"7":0,"8":0,"9":0,"10":0,"11":0},"f":{"0":0,"1":0,"2":0},"b":{"0":[0,0]}}
,"/Users/x25bd/Code/astral/astral-api/backend/src/config/index.ts": {"path":"/Users/x25bd/Code/astral/astral-api/backend/src/config/index.ts","statementMap":{"0":{"start":{"line":1,"column":0},"end":{"line":1,"column":28}},"1":{"start":{"line":2,"column":0},"end":{"line":2,"column":24}},"2":{"start":{"line":5,"column":0},"end":{"line":5,"column":16}},"3":{"start":{"line":8,"column":18},"end":{"line":29,"column":2}},"4":{"start":{"line":33,"column":23},"end":{"line":33,"column":55}},"5":{"start":{"line":36,"column":0},"end":{"line":40,"column":1}},"6":{"start":{"line":37,"column":2},"end":{"line":37,"column":50}},"7":{"start":{"line":38,"column":2},"end":{"line":38,"column":47}},"8":{"start":{"line":39,"column":2},"end":{"line":39,"column":18}},"9":{"start":{"line":43,"column":13},"end":{"line":43,"column":42}},"10":{"start":{"line":46,"column":13},"end":{"line":51,"column":2}}},"fnMap":{},"branchMap":{"0":{"loc":{"start":{"line":36,"column":0},"end":{"line":40,"column":1}},"type":"if","locations":[{"start":{"line":36,"column":0},"end":{"line":40,"column":1}}]}},"s":{"0":0,"1":0,"2":0,"3":0,"4":0,"5":0,"6":0,"7":0,"8":0,"9":0,"10":0},"f":{},"b":{"0":[0]}}
,"/Users/x25bd/Code/astral/astral-api/backend/src/migrations/run-migrations.ts": {"path":"/Users/x25bd/Code/astral/astral-api/backend/src/migrations/run-migrations.ts","statementMap":{"0":{"start":{"line":1,"column":0},"end":{"line":1,"column":20}},"1":{"start":{"line":2,"column":0},"end":{"line":2,"column":24}},"2":{"start":{"line":3,"column":0},"end":{"line":3,"column":26}},"3":{"start":{"line":4,"column":0},"end":{"line":4,"column":28}},"4":{"start":{"line":7,"column":0},"end":{"line":7,"column":94}},"5":{"start":{"line":9,"column":22},"end":{"line":78,"column":1}},"6":{"start":{"line":11,"column":15},"end":{"line":13,"column":4}},"7":{"start":{"line":15,"column":2},"end":{"line":77,"column":3}},"8":{"start":{"line":16,"column":4},"end":{"line":16,"column":51}},"9":{"start":{"line":19,"column":4},"end":{"line":25,"column":7}},"10":{"start":{"line":28,"column":40},"end":{"line":29,"column":null}},"11":{"start":{"line":31,"column":34},"end":{"line":31,"column":70}},"12":{"start":{"line":31,"column":63},"end":{"line":31,"column":69}},"13":{"start":{"line":34,"column":26},"end":{"line":34,"column":35}},"14":{"start":{"line":35,"column":27},"end":{"line":38,"column":13}},"15":{"start":{"line":37,"column":24},"end":{"line":37,"column":45}},"16":{"start":{"line":41,"column":4},"end":{"line":69,"column":5}},"17":{"start":{"line":42,"column":6},"end":{"line":45,"column":7}},"18":{"start":{"line":43,"column":8},"end":{"line":43,"column":70}},"19":{"start":{"line":44,"column":8},"end":{"line":44,"column":17}},"20":{"start":{"line":47,"column":6},"end":{"line":47,"column":52}},"21":{"start":{"line":48,"column":23},"end":{"line":48,"column":53}},"22":{"start":{"line":49,"column":18},"end":{"line":49,"column":51}},"23":{"start":{"line":52,"column":21},"end":{"line":52,"column":41}},"24":{"start":{"line":53,"column":6},"end":{"line":68,"column":7}},"25":{"start":{"line":54,"column":8},"end":{"line":54,"column":36}},"26":{"start":{"line":55,"column":8},"end":{"line":55,"column":32}},"27":{"start":{"line":58,"column":8},"end":{"line":58,"column":80}},"28":{"start":{"line":60,"column":8},"end":{"line":60,"column":37}},"29":{"start":{"line":61,"column":8},"end":{"line":61,"column":63}},"30":{"start":{"line":63,"column":8},"end":{"line":63,"column":39}},"31":{"start":{"line":64,"column":8},"end":{"line":64,"column":66}},"32":{"start":{"line":65,"column":8},"end":{"line":65,"column":20}},"33":{"start":{"line":67,"column":8},"end":{"line":67,"column":25}},"34":{"start":{"line":71,"column":4},"end":{"line":71,"column":63}},"35":{"start":{"line":73,"column":4},"end":{"line":73,"column":54}},"36":{"start":{"line":74,"column":4},"end":{"line":74,"column":20}},"37":{"start":{"line":76,"column":4},"end":{"line":76,"column":21}},"38":{"start":{"line":81,"column":0},"end":{"line":83,"column":1}},"39":{"start":{"line":82,"column":2},"end":{"line":82,"column":18}},"40":{"start":{"line":85,"column":0},"end":{"line":85,"column":29}}},"fnMap":{"0":{"name":"(anonymous_1)","decl":{"start":{"line":9,"column":22},"end":{"line":9,"column":27}},"loc":{"start":{"line":9,"column":33},"end":{"line":78,"column":1}}},"1":{"name":"(anonymous_2)","decl":{"start":{"line":31,"column":56},"end":{"line":31,"column":57}},"loc":{"start":{"line":31,"column":63},"end":{"line":31,"column":69}}},"2":{"name":"(anonymous_3)","decl":{"start":{"line":37,"column":14},"end":{"line":37,"column":15}},"loc":{"start":{"line":37,"column":24},"end":{"line":37,"column":45}}}},"branchMap":{"0":{"loc":{"start":{"line":7,"column":22},"end":{"line":7,"column":90}},"type":"cond-expr","locations":[{"start":{"line":7,"column":63},"end":{"line":7,"column":81}},{"start":{"line":7,"column":84},"end":{"line":7,"column":90}}]},"1":{"loc":{"start":{"line":42,"column":6},"end":{"line":45,"column":7}},"type":"if","locations":[{"start":{"line":42,"column":6},"end":{"line":45,"column":7}}]},"2":{"loc":{"start":{"line":81,"column":0},"end":{"line":83,"column":1}},"type":"if","locations":[{"start":{"line":81,"column":0},"end":{"line":83,"column":1}}]}},"s":{"0":0,"1":0,"2":0,"3":0,"4":0,"5":0,"6":0,"7":0,"8":0,"9":0,"10":0,"11":0,"12":0,"13":0,"14":0,"15":0,"16":0,"17":0,"18":0,"19":0,"20":0,"21":0,"22":0,"23":0,"24":0,"25":0,"26":0,"27":0,"28":0,"29":0,"30":0,"31":0,"32":0,"33":0,"34":0,"35":0,"36":0,"37":0,"38":0,"39":0,"40":0},"f":{"0":0,"1":0,"2":0},"b":{"0":[0,0],"1":[0],"2":[0]}}
,"/Users/x25bd/Code/astral/astral-api/backend/src/models/types.ts": {"path":"/Users/x25bd/Code/astral/astral-api/backend/src/models/types.ts","statementMap":{"0":{"start":{"line":70,"column":0},"end":{"line":70,"column":null}},"1":{"start":{"line":71,"column":2},"end":{"line":71,"column":null}},"2":{"start":{"line":72,"column":2},"end":{"line":72,"column":null}},"3":{"start":{"line":73,"column":2},"end":{"line":73,"column":null}},"4":{"start":{"line":74,"column":2},"end":{"line":74,"column":null}},"5":{"start":{"line":75,"column":2},"end":{"line":75,"column":null}},"6":{"start":{"line":76,"column":2},"end":{"line":76,"column":null}},"7":{"start":{"line":77,"column":2},"end":{"line":77,"column":null}}},"fnMap":{"0":{"name":"(anonymous_0)","decl":{"start":{"line":70,"column":0},"end":{"line":70,"column":12}},"loc":{"start":{"line":70,"column":31},"end":{"line":78,"column":1}}}},"branchMap":{"0":{"loc":{"start":{"line":70,"column":12},"end":{"line":70,"column":null}},"type":"binary-expr","locations":[{"start":{"line":70,"column":12},"end":{"line":70,"column":31}},{"start":{"line":70,"column":31},"end":{"line":70,"column":null}}]}},"s":{"0":0,"1":0,"2":0,"3":0,"4":0,"5":0,"6":0,"7":0},"f":{"0":0},"b":{"0":[0,0]}}
,"/Users/x25bd/Code/astral/astral-api/backend/src/scripts/setup-db.ts": {"path":"/Users/x25bd/Code/astral/astral-api/backend/src/scripts/setup-db.ts","statementMap":{"0":{"start":{"line":1,"column":0},"end":{"line":1,"column":28}},"1":{"start":{"line":2,"column":0},"end":{"line":2,"column":26}},"2":{"start":{"line":3,"column":0},"end":{"line":3,"column":57}},"3":{"start":{"line":6,"column":0},"end":{"line":6,"column":94}},"4":{"start":{"line":12,"column":15},"end":{"line":14,"column":4}},"5":{"start":{"line":16,"column":2},"end":{"line":26,"column":3}},"6":{"start":{"line":17,"column":4},"end":{"line":17,"column":50}},"7":{"start":{"line":18,"column":19},"end":{"line":18,"column":51}},"8":{"start":{"line":19,"column":4},"end":{"line":19,"column":71}},"9":{"start":{"line":20,"column":4},"end":{"line":20,"column":16}},"10":{"start":{"line":22,"column":4},"end":{"line":22,"column":56}},"11":{"start":{"line":23,"column":4},"end":{"line":23,"column":17}},"12":{"start":{"line":25,"column":4},"end":{"line":25,"column":21}},"13":{"start":{"line":33,"column":2},"end":{"line":49,"column":3}},"14":{"start":{"line":35,"column":30},"end":{"line":35,"column":52}},"15":{"start":{"line":36,"column":4},"end":{"line":39,"column":5}},"16":{"start":{"line":37,"column":6},"end":{"line":37,"column":73}},"17":{"start":{"line":38,"column":6},"end":{"line":38,"column":22}},"18":{"start":{"line":42,"column":4},"end":{"line":42,"column":26}},"19":{"start":{"line":44,"column":4},"end":{"line":44,"column":58}},"20":{"start":{"line":45,"column":4},"end":{"line":45,"column":20}},"21":{"start":{"line":47,"column":4},"end":{"line":47,"column":51}},"22":{"start":{"line":48,"column":4},"end":{"line":48,"column":20}},"23":{"start":{"line":53,"column":0},"end":{"line":55,"column":1}},"24":{"start":{"line":54,"column":2},"end":{"line":54,"column":10}},"25":{"start":{"line":57,"column":0},"end":{"line":57,"column":21}}},"fnMap":{"0":{"name":"testConnection","decl":{"start":{"line":11,"column":15},"end":{"line":11,"column":29}},"loc":{"start":{"line":11,"column":29},"end":{"line":27,"column":1}}},"1":{"name":"setup","decl":{"start":{"line":32,"column":15},"end":{"line":32,"column":20}},"loc":{"start":{"line":32,"column":20},"end":{"line":50,"column":1}}}},"branchMap":{"0":{"loc":{"start":{"line":6,"column":22},"end":{"line":6,"column":90}},"type":"cond-expr","locations":[{"start":{"line":6,"column":63},"end":{"line":6,"column":81}},{"start":{"line":6,"column":84},"end":{"line":6,"column":90}}]},"1":{"loc":{"start":{"line":36,"column":4},"end":{"line":39,"column":5}},"type":"if","locations":[{"start":{"line":36,"column":4},"end":{"line":39,"column":5}}]},"2":{"loc":{"start":{"line":53,"column":0},"end":{"line":55,"column":1}},"type":"if","locations":[{"start":{"line":53,"column":0},"end":{"line":55,"column":1}}]}},"s":{"0":0,"1":0,"2":0,"3":0,"4":0,"5":0,"6":0,"7":0,"8":0,"9":0,"10":0,"11":0,"12":0,"13":0,"14":0,"15":0,"16":0,"17":0,"18":0,"19":0,"20":0,"21":0,"22":0,"23":0,"24":0,"25":0},"f":{"0":0,"1":0},"b":{"0":[0,0],"1":[0],"2":[0]}}
,"/Users/x25bd/Code/astral/astral-api/backend/src/services/db.service.ts": {"path":"/Users/x25bd/Code/astral/astral-api/backend/src/services/db.service.ts","statementMap":{"0":{"start":{"line":1,"column":0},"end":{"line":1,"column":38}},"1":{"start":{"line":2,"column":0},"end":{"line":2,"column":35}},"2":{"start":{"line":12,"column":4},"end":{"line":14,"column":7}},"3":{"start":{"line":17,"column":4},"end":{"line":20,"column":7}},"4":{"start":{"line":18,"column":6},"end":{"line":18,"column":60}},"5":{"start":{"line":19,"column":6},"end":{"line":19,"column":23}},"6":{"start":{"line":27,"column":4},"end":{"line":27,"column":31}},"7":{"start":{"line":34,"column":19},"end":{"line":34,"column":41}},"8":{"start":{"line":36,"column":4},"end":{"line":88,"column":5}},"9":{"start":{"line":37,"column":6},"end":{"line":37,"column":34}},"10":{"start":{"line":40,"column":24},"end":{"line":40,"column":30}},"11":{"start":{"line":41,"column":6},"end":{"line":43,"column":7}},"12":{"start":{"line":42,"column":8},"end":{"line":42,"column":63}},"13":{"start":{"line":45,"column":20},"end":{"line":56,"column":8}},"14":{"start":{"line":58,"column":21},"end":{"line":76,"column":8}},"15":{"start":{"line":78,"column":21},"end":{"line":78,"column":54}},"16":{"start":{"line":79,"column":6},"end":{"line":79,"column":35}},"17":{"start":{"line":81,"column":6},"end":{"line":81,"column":45}},"18":{"start":{"line":83,"column":6},"end":{"line":83,"column":37}},"19":{"start":{"line":84,"column":6},"end":{"line":84,"column":62}},"20":{"start":{"line":85,"column":6},"end":{"line":85,"column":18}},"21":{"start":{"line":87,"column":6},"end":{"line":87,"column":23}},"22":{"start":{"line":95,"column":18},"end":{"line":95,"column":64}},"23":{"start":{"line":96,"column":19},"end":{"line":96,"column":54}},"24":{"start":{"line":98,"column":4},"end":{"line":98,"column":51}},"25":{"start":{"line":105,"column":16},"end":{"line":105,"column":58}},"26":{"start":{"line":106,"column":26},"end":{"line":106,"column":28}},"27":{"start":{"line":107,"column":21},"end":{"line":107,"column":22}},"28":{"start":{"line":110,"column":4},"end":{"line":113,"column":5}},"29":{"start":{"line":111,"column":6},"end":{"line":111,"column":47}},"30":{"start":{"line":112,"column":6},"end":{"line":112,"column":32}},"31":{"start":{"line":115,"column":4},"end":{"line":118,"column":5}},"32":{"start":{"line":116,"column":6},"end":{"line":116,"column":48}},"33":{"start":{"line":117,"column":6},"end":{"line":117,"column":33}},"34":{"start":{"line":120,"column":4},"end":{"line":123,"column":5}},"35":{"start":{"line":121,"column":6},"end":{"line":121,"column":49}},"36":{"start":{"line":122,"column":6},"end":{"line":122,"column":34}},"37":{"start":{"line":125,"column":4},"end":{"line":128,"column":5}},"38":{"start":{"line":126,"column":6},"end":{"line":126,"column":58}},"39":{"start":{"line":127,"column":6},"end":{"line":127,"column":40}},"40":{"start":{"line":130,"column":4},"end":{"line":133,"column":5}},"41":{"start":{"line":131,"column":6},"end":{"line":131,"column":58}},"42":{"start":{"line":132,"column":6},"end":{"line":132,"column":38}},"43":{"start":{"line":135,"column":4},"end":{"line":138,"column":5}},"44":{"start":{"line":136,"column":6},"end":{"line":136,"column":128}},"45":{"start":{"line":137,"column":6},"end":{"line":137,"column":82}},"46":{"start":{"line":141,"column":4},"end":{"line":141,"column":46}},"47":{"start":{"line":144,"column":4},"end":{"line":147,"column":5}},"48":{"start":{"line":145,"column":6},"end":{"line":145,"column":41}},"49":{"start":{"line":146,"column":6},"end":{"line":146,"column":32}},"50":{"start":{"line":149,"column":4},"end":{"line":152,"column":5}},"51":{"start":{"line":150,"column":6},"end":{"line":150,"column":42}},"52":{"start":{"line":151,"column":6},"end":{"line":151,"column":33}},"53":{"start":{"line":154,"column":19},"end":{"line":154,"column":55}},"54":{"start":{"line":155,"column":4},"end":{"line":155,"column":42}},"55":{"start":{"line":162,"column":18},"end":{"line":162,"column":88}},"56":{"start":{"line":163,"column":19},"end":{"line":163,"column":54}},"57":{"start":{"line":165,"column":4},"end":{"line":165,"column":38}},"58":{"start":{"line":172,"column":18},"end":{"line":172,"column":64}},"59":{"start":{"line":173,"column":19},"end":{"line":173,"column":54}},"60":{"start":{"line":175,"column":4},"end":{"line":175,"column":38}},"61":{"start":{"line":182,"column":4},"end":{"line":182,"column":26}},"62":{"start":{"line":187,"column":13},"end":{"line":187,"column":47}}},"fnMap":{"0":{"name":"(anonymous_0)","decl":{"start":{"line":11,"column":2},"end":{"line":11,"column":null}},"loc":{"start":{"line":11,"column":2},"end":{"line":21,"column":3}}},"1":{"name":"(anonymous_1)","decl":{"start":{"line":17,"column":26},"end":{"line":17,"column":27}},"loc":{"start":{"line":17,"column":34},"end":{"line":20,"column":5}}},"2":{"name":"(anonymous_2)","decl":{"start":{"line":26,"column":2},"end":{"line":26,"column":7}},"loc":{"start":{"line":26,"column":17},"end":{"line":28,"column":3}}},"3":{"name":"(anonymous_3)","decl":{"start":{"line":33,"column":2},"end":{"line":33,"column":7}},"loc":{"start":{"line":33,"column":83},"end":{"line":89,"column":3}}},"4":{"name":"(anonymous_4)","decl":{"start":{"line":94,"column":2},"end":{"line":94,"column":7}},"loc":{"start":{"line":94,"column":41},"end":{"line":99,"column":3}}},"5":{"name":"(anonymous_5)","decl":{"start":{"line":104,"column":2},"end":{"line":104,"column":7}},"loc":{"start":{"line":104,"column":65},"end":{"line":156,"column":3}}},"6":{"name":"(anonymous_6)","decl":{"start":{"line":161,"column":2},"end":{"line":161,"column":7}},"loc":{"start":{"line":161,"column":39},"end":{"line":166,"column":3}}},"7":{"name":"(anonymous_7)","decl":{"start":{"line":171,"column":2},"end":{"line":171,"column":7}},"loc":{"start":{"line":171,"column":39},"end":{"line":176,"column":3}}},"8":{"name":"(anonymous_8)","decl":{"start":{"line":181,"column":2},"end":{"line":181,"column":7}},"loc":{"start":{"line":181,"column":13},"end":{"line":183,"column":3}}}},"branchMap":{"0":{"loc":{"start":{"line":41,"column":6},"end":{"line":43,"column":7}},"type":"if","locations":[{"start":{"line":41,"column":6},"end":{"line":43,"column":7}}]},"1":{"loc":{"start":{"line":41,"column":10},"end":{"line":41,"column":71}},"type":"binary-expr","locations":[{"start":{"line":41,"column":10},"end":{"line":41,"column":39}},{"start":{"line":41,"column":43},"end":{"line":41,"column":71}}]},"2":{"loc":{"start":{"line":64,"column":8},"end":{"line":64,"column":29}},"type":"binary-expr","locations":[{"start":{"line":64,"column":8},"end":{"line":64,"column":21}},{"start":{"line":64,"column":25},"end":{"line":64,"column":29}}]},"3":{"loc":{"start":{"line":65,"column":8},"end":{"line":65,"column":31}},"type":"binary-expr","locations":[{"start":{"line":65,"column":8},"end":{"line":65,"column":23}},{"start":{"line":65,"column":27},"end":{"line":65,"column":31}}]},"4":{"loc":{"start":{"line":67,"column":8},"end":{"line":67,"column":25}},"type":"binary-expr","locations":[{"start":{"line":67,"column":8},"end":{"line":67,"column":17}},{"start":{"line":67,"column":21},"end":{"line":67,"column":25}}]},"5":{"loc":{"start":{"line":70,"column":8},"end":{"line":70,"column":70}},"type":"cond-expr","locations":[{"start":{"line":70,"column":29},"end":{"line":70,"column":63}},{"start":{"line":70,"column":66},"end":{"line":70,"column":70}}]},"6":{"loc":{"start":{"line":71,"column":8},"end":{"line":71,"column":76}},"type":"cond-expr","locations":[{"start":{"line":71,"column":32},"end":{"line":71,"column":69}},{"start":{"line":71,"column":72},"end":{"line":71,"column":76}}]},"7":{"loc":{"start":{"line":72,"column":8},"end":{"line":72,"column":68}},"type":"cond-expr","locations":[{"start":{"line":72,"column":28},"end":{"line":72,"column":61}},{"start":{"line":72,"column":64},"end":{"line":72,"column":68}}]},"8":{"loc":{"start":{"line":73,"column":8},"end":{"line":73,"column":66}},"type":"cond-expr","locations":[{"start":{"line":73,"column":27},"end":{"line":73,"column":59}},{"start":{"line":73,"column":62},"end":{"line":73,"column":66}}]},"9":{"loc":{"start":{"line":74,"column":8},"end":{"line":74,"column":26}},"type":"binary-expr","locations":[{"start":{"line":74,"column":8},"end":{"line":74,"column":18}},{"start":{"line":74,"column":22},"end":{"line":74,"column":26}}]},"10":{"loc":{"start":{"line":75,"column":8},"end":{"line":75,"column":30}},"type":"binary-expr","locations":[{"start":{"line":75,"column":8},"end":{"line":75,"column":21}},{"start":{"line":75,"column":25},"end":{"line":75,"column":30}}]},"11":{"loc":{"start":{"line":98,"column":11},"end":{"line":98,"column":50}},"type":"binary-expr","locations":[{"start":{"line":98,"column":11},"end":{"line":98,"column":42}},{"start":{"line":98,"column":46},"end":{"line":98,"column":50}}]},"12":{"loc":{"start":{"line":104,"column":28},"end":{"line":104,"column":65}},"type":"default-arg","locations":[{"start":{"line":104,"column":63},"end":{"line":104,"column":65}}]},"13":{"loc":{"start":{"line":110,"column":4},"end":{"line":113,"column":5}},"type":"if","locations":[{"start":{"line":110,"column":4},"end":{"line":113,"column":5}}]},"14":{"loc":{"start":{"line":115,"column":4},"end":{"line":118,"column":5}},"type":"if","locations":[{"start":{"line":115,"column":4},"end":{"line":118,"column":5}}]},"15":{"loc":{"start":{"line":120,"column":4},"end":{"line":123,"column":5}},"type":"if","locations":[{"start":{"line":120,"column":4},"end":{"line":123,"column":5}}]},"16":{"loc":{"start":{"line":125,"column":4},"end":{"line":128,"column":5}},"type":"if","locations":[{"start":{"line":125,"column":4},"end":{"line":128,"column":5}}]},"17":{"loc":{"start":{"line":130,"column":4},"end":{"line":133,"column":5}},"type":"if","locations":[{"start":{"line":130,"column":4},"end":{"line":133,"column":5}}]},"18":{"loc":{"start":{"line":135,"column":4},"end":{"line":138,"column":5}},"type":"if","locations":[{"start":{"line":135,"column":4},"end":{"line":138,"column":5}}]},"19":{"loc":{"start":{"line":144,"column":4},"end":{"line":147,"column":5}},"type":"if","locations":[{"start":{"line":144,"column":4},"end":{"line":147,"column":5}}]},"20":{"loc":{"start":{"line":149,"column":4},"end":{"line":152,"column":5}},"type":"if","locations":[{"start":{"line":149,"column":4},"end":{"line":152,"column":5}}]},"21":{"loc":{"start":{"line":165,"column":12},"end":{"line":165,"column":32}},"type":"binary-expr","locations":[{"start":{"line":165,"column":12},"end":{"line":165,"column":27}},{"start":{"line":165,"column":31},"end":{"line":165,"column":32}}]},"22":{"loc":{"start":{"line":175,"column":12},"end":{"line":175,"column":32}},"type":"binary-expr","locations":[{"start":{"line":175,"column":12},"end":{"line":175,"column":27}},{"start":{"line":175,"column":31},"end":{"line":175,"column":32}}]}},"s":{"0":1,"1":1,"2":1,"3":1,"4":0,"5":0,"6":0,"7":0,"8":0,"9":0,"10":0,"11":0,"12":0,"13":0,"14":0,"15":0,"16":0,"17":0,"18":0,"19":0,"20":0,"21":0,"22":1,"23":1,"24":1,"25":1,"26":1,"27":1,"28":1,"29":1,"30":1,"31":1,"32":1,"33":1,"34":1,"35":0,"36":0,"37":1,"38":0,"39":0,"40":1,"41":0,"42":0,"43":1,"44":1,"45":1,"46":1,"47":1,"48":1,"49":1,"50":1,"51":0,"52":0,"53":1,"54":1,"55":0,"56":0,"57":0,"58":1,"59":1,"60":1,"61":0,"62":1},"f":{"0":1,"1":0,"2":0,"3":0,"4":1,"5":1,"6":0,"7":1,"8":0},"b":{"0":[0],"1":[0,0],"2":[0,0],"3":[0,0],"4":[0,0],"5":[0,0],"6":[0,0],"7":[0,0],"8":[0,0],"9":[0,0],"10":[0,0],"11":[1,1],"12":[0],"13":[1],"14":[1],"15":[0],"16":[0],"17":[0],"18":[1],"19":[1],"20":[0],"21":[0,0],"22":[1,0]}}
,"/Users/x25bd/Code/astral/astral-api/backend/src/services/supabase.service.ts": {"path":"/Users/x25bd/Code/astral/astral-api/backend/src/services/supabase.service.ts","statementMap":{"0":{"start":{"line":1,"column":0},"end":{"line":1,"column":69}},"1":{"start":{"line":2,"column":0},"end":{"line":2,"column":35}},"2":{"start":{"line":8,"column":10},"end":{"line":8,"column":47}},"3":{"start":{"line":14,"column":4},"end":{"line":18,"column":5}},"4":{"start":{"line":15,"column":6},"end":{"line":15,"column":75}},"5":{"start":{"line":16,"column":11},"end":{"line":18,"column":5}},"6":{"start":{"line":17,"column":6},"end":{"line":17,"column":92}},"7":{"start":{"line":20,"column":4},"end":{"line":22,"column":5}},"8":{"start":{"line":21,"column":6},"end":{"line":21,"column":66}},"9":{"start":{"line":24,"column":4},"end":{"line":24,"column":23}},"10":{"start":{"line":31,"column":4},"end":{"line":33,"column":5}},"11":{"start":{"line":32,"column":6},"end":{"line":32,"column":31}},"12":{"start":{"line":34,"column":4},"end":{"line":34,"column":23}},"13":{"start":{"line":44,"column":19},"end":{"line":44,"column":35}},"14":{"start":{"line":46,"column":4},"end":{"line":57,"column":19}},"15":{"start":{"line":62,"column":13},"end":{"line":62,"column":53}}},"fnMap":{"0":{"name":"(anonymous_0)","decl":{"start":{"line":7,"column":0},"end":{"line":7,"column":6}},"loc":{"start":{"line":7,"column":0},"end":{"line":59,"column":1}}},"1":{"name":"(anonymous_1)","decl":{"start":{"line":13,"column":2},"end":{"line":13,"column":12}},"loc":{"start":{"line":13,"column":12},"end":{"line":25,"column":3}}},"2":{"name":"(anonymous_2)","decl":{"start":{"line":30,"column":2},"end":{"line":30,"column":11}},"loc":{"start":{"line":30,"column":11},"end":{"line":35,"column":3}}},"3":{"name":"(anonymous_3)","decl":{"start":{"line":43,"column":2},"end":{"line":43,"column":27}},"loc":{"start":{"line":43,"column":105},"end":{"line":58,"column":3}}}},"branchMap":{"0":{"loc":{"start":{"line":14,"column":4},"end":{"line":18,"column":5}},"type":"if","locations":[{"start":{"line":14,"column":4},"end":{"line":18,"column":5}},{"start":{"line":16,"column":11},"end":{"line":18,"column":5}}]},"1":{"loc":{"start":{"line":14,"column":8},"end":{"line":14,"column":66}},"type":"binary-expr","locations":[{"start":{"line":14,"column":8},"end":{"line":14,"column":20}},{"start":{"line":14,"column":24},"end":{"line":14,"column":43}},{"start":{"line":14,"column":47},"end":{"line":14,"column":66}}]},"2":{"loc":{"start":{"line":16,"column":11},"end":{"line":18,"column":5}},"type":"if","locations":[{"start":{"line":16,"column":11},"end":{"line":18,"column":5}}]},"3":{"loc":{"start":{"line":16,"column":15},"end":{"line":16,"column":59}},"type":"binary-expr","locations":[{"start":{"line":16,"column":15},"end":{"line":16,"column":35}},{"start":{"line":16,"column":39},"end":{"line":16,"column":59}}]},"4":{"loc":{"start":{"line":20,"column":4},"end":{"line":22,"column":5}},"type":"if","locations":[{"start":{"line":20,"column":4},"end":{"line":22,"column":5}}]},"5":{"loc":{"start":{"line":31,"column":4},"end":{"line":33,"column":5}},"type":"if","locations":[{"start":{"line":31,"column":4},"end":{"line":33,"column":5}}]}},"s":{"0":0,"1":0,"2":0,"3":0,"4":0,"5":0,"6":0,"7":0,"8":0,"9":0,"10":0,"11":0,"12":0,"13":0,"14":0,"15":0},"f":{"0":0,"1":0,"2":0,"3":0},"b":{"0":[0,0],"1":[0,0,0],"2":[0],"3":[0,0],"4":[0],"5":[0]}}
}
